<?xml version="1.0" encoding="UTF-8"?>
<coverage generated="1520598838021" clover="3.2.0">
  <project timestamp="1520598838021" name="All files">
    <metrics statements="102" coveredstatements="34" conditionals="55" coveredconditionals="17" methods="30" coveredmethods="5" elements="187" coveredelements="56" complexity="0" loc="102" ncloc="102" packages="8" files="11" classes="11">
      <package name="constants">
        <metrics statements="4" coveredstatements="4" conditionals="0" coveredconditionals="0" methods="0" coveredmethods="0"/>
        <file name="constants.jsx" path="F:\Hemanth\ReactJS_Projects\Sapient_Projects\Sapient_React_Training_Project_GS\src\frontend\app\constants\constants.jsx">
          <metrics statements="4" coveredstatements="4" conditionals="0" coveredconditionals="0" methods="0" coveredmethods="0"/>
          <line num="1" count="2" type="stmt"/>
          <line num="18" count="2" type="stmt"/>
          <line num="34" count="2" type="stmt"/>
          <line num="39" count="2" type="stmt"/>
        </file>
      </package>
      <package name="container.add_contact">
        <metrics statements="63" coveredstatements="2" conditionals="30" coveredconditionals="0" methods="19" coveredmethods="0"/>
        <file name="add_contact.component.jsx" path="F:\Hemanth\ReactJS_Projects\Sapient_Projects\Sapient_React_Training_Project_GS\src\frontend\app\container\add_contact\add_contact.component.jsx">
          <metrics statements="47" coveredstatements="1" conditionals="26" coveredconditionals="0" methods="13" coveredmethods="0"/>
          <line num="8" count="2" type="stmt"/>
          <line num="30" count="0" type="stmt"/>
          <line num="31" count="0" type="stmt"/>
          <line num="32" count="0" type="stmt"/>
          <line num="36" count="0" type="stmt"/>
          <line num="37" count="0" type="stmt"/>
          <line num="43" count="0" type="stmt"/>
          <line num="44" count="0" type="stmt"/>
          <line num="45" count="0" type="stmt"/>
          <line num="46" count="0" type="stmt"/>
          <line num="51" count="0" type="stmt"/>
          <line num="56" count="0" type="stmt"/>
          <line num="57" count="0" type="stmt"/>
          <line num="58" count="0" type="stmt"/>
          <line num="59" count="0" type="stmt"/>
          <line num="60" count="0" type="stmt"/>
          <line num="62" count="0" type="stmt"/>
          <line num="68" count="0" type="stmt"/>
          <line num="69" count="0" type="stmt"/>
          <line num="70" count="0" type="stmt"/>
          <line num="72" count="0" type="cond" truecount="0" falsecount="4"/>
          <line num="73" count="0" type="stmt"/>
          <line num="75" count="0" type="cond" truecount="0" falsecount="4"/>
          <line num="77" count="0" type="stmt"/>
          <line num="78" count="0" type="stmt"/>
          <line num="80" count="0" type="cond" truecount="0" falsecount="2"/>
          <line num="81" count="0" type="stmt"/>
          <line num="83" count="0" type="cond" truecount="0" falsecount="4"/>
          <line num="84" count="0" type="stmt"/>
          <line num="86" count="0" type="stmt"/>
          <line num="87" count="0" type="stmt"/>
          <line num="92" count="0" type="stmt"/>
          <line num="93" count="0" type="cond" truecount="0" falsecount="4"/>
          <line num="94" count="0" type="stmt"/>
          <line num="95" count="0" type="stmt"/>
          <line num="98" count="0" type="stmt"/>
          <line num="101" count="0" type="stmt"/>
          <line num="110" count="0" type="cond" truecount="0" falsecount="4"/>
          <line num="114" count="0" type="stmt"/>
          <line num="115" count="0" type="cond" truecount="0" falsecount="2"/>
          <line num="116" count="0" type="stmt"/>
          <line num="117" count="0" type="stmt"/>
          <line num="124" count="0" type="stmt"/>
          <line num="140" count="0" type="stmt"/>
          <line num="147" count="0" type="stmt"/>
          <line num="154" count="0" type="stmt"/>
          <line num="160" count="0" type="stmt"/>
        </file>
        <file name="add_contact_actions.jsx" path="F:\Hemanth\ReactJS_Projects\Sapient_Projects\Sapient_React_Training_Project_GS\src\frontend\app\container\add_contact\add_contact_actions.jsx">
          <metrics statements="11" coveredstatements="0" conditionals="4" coveredconditionals="0" methods="4" coveredmethods="0"/>
          <line num="7" count="0" type="stmt"/>
          <line num="9" count="0" type="cond" truecount="0" falsecount="2"/>
          <line num="10" count="0" type="stmt"/>
          <line num="11" count="0" type="stmt"/>
          <line num="12" count="0" type="cond" truecount="0" falsecount="2"/>
          <line num="13" count="0" type="stmt"/>
          <line num="14" count="0" type="stmt"/>
          <line num="16" count="0" type="stmt"/>
          <line num="19" count="0" type="stmt"/>
          <line num="24" count="0" type="stmt"/>
          <line num="28" count="0" type="stmt"/>
        </file>
        <file name="add_contact_container.jsx" path="F:\Hemanth\ReactJS_Projects\Sapient_Projects\Sapient_React_Training_Project_GS\src\frontend\app\container\add_contact\add_contact_container.jsx">
          <metrics statements="5" coveredstatements="1" conditionals="0" coveredconditionals="0" methods="2" coveredmethods="0"/>
          <line num="7" count="0" type="stmt"/>
          <line num="13" count="0" type="stmt"/>
          <line num="15" count="0" type="stmt"/>
          <line num="19" count="0" type="stmt"/>
          <line num="26" count="1" type="stmt"/>
        </file>
      </package>
      <package name="container.add_contact.form_errors">
        <metrics statements="7" coveredstatements="2" conditionals="2" coveredconditionals="0" methods="4" coveredmethods="0"/>
        <file name="add_contact_submit_button.jsx" path="F:\Hemanth\ReactJS_Projects\Sapient_Projects\Sapient_React_Training_Project_GS\src\frontend\app\container\add_contact\form_errors\add_contact_submit_button.jsx">
          <metrics statements="2" coveredstatements="1" conditionals="0" coveredconditionals="0" methods="2" coveredmethods="0"/>
          <line num="4" count="2" type="stmt"/>
          <line num="5" count="0" type="stmt"/>
        </file>
        <file name="form_errors.component.jsx" path="F:\Hemanth\ReactJS_Projects\Sapient_Projects\Sapient_React_Training_Project_GS\src\frontend\app\container\add_contact\form_errors\form_errors.component.jsx">
          <metrics statements="5" coveredstatements="1" conditionals="2" coveredconditionals="0" methods="2" coveredmethods="0"/>
          <line num="4" count="2" type="stmt"/>
          <line num="5" count="0" type="stmt"/>
          <line num="8" count="0" type="cond" truecount="0" falsecount="2"/>
          <line num="9" count="0" type="stmt"/>
          <line num="14" count="0" type="stmt"/>
        </file>
      </package>
      <package name="header.tabs.tab">
        <metrics statements="2" coveredstatements="2" conditionals="0" coveredconditionals="0" methods="1" coveredmethods="1"/>
        <file name="tab.component.jsx" path="F:\Hemanth\ReactJS_Projects\Sapient_Projects\Sapient_React_Training_Project_GS\src\frontend\app\header\tabs\tab\tab.component.jsx">
          <metrics statements="2" coveredstatements="2" conditionals="0" coveredconditionals="0" methods="1" coveredmethods="1"/>
          <line num="4" count="1" type="stmt"/>
          <line num="5" count="2" type="stmt"/>
        </file>
      </package>
      <package name="shared.components.alert">
        <metrics statements="3" coveredstatements="1" conditionals="6" coveredconditionals="0" methods="2" coveredmethods="0"/>
        <file name="alert.component.jsx" path="F:\Hemanth\ReactJS_Projects\Sapient_Projects\Sapient_React_Training_Project_GS\src\frontend\app\shared\components\alert\alert.component.jsx">
          <metrics statements="3" coveredstatements="1" conditionals="6" coveredconditionals="0" methods="2" coveredmethods="0"/>
          <line num="4" count="0" type="cond" truecount="0" falsecount="2"/>
          <line num="7" count="2" type="stmt"/>
          <line num="8" count="0" type="stmt"/>
        </file>
      </package>
      <package name="store.actions">
        <metrics statements="10" coveredstatements="10" conditionals="0" coveredconditionals="0" methods="0" coveredmethods="0"/>
        <file name="contact_list.actions.jsx" path="F:\Hemanth\ReactJS_Projects\Sapient_Projects\Sapient_React_Training_Project_GS\src\frontend\app\store\actions\contact_list.actions.jsx">
          <metrics statements="10" coveredstatements="10" conditionals="0" coveredconditionals="0" methods="0" coveredmethods="0"/>
          <line num="1" count="2" type="stmt"/>
          <line num="2" count="2" type="stmt"/>
          <line num="3" count="2" type="stmt"/>
          <line num="5" count="2" type="stmt"/>
          <line num="6" count="2" type="stmt"/>
          <line num="7" count="2" type="stmt"/>
          <line num="8" count="2" type="stmt"/>
          <line num="9" count="2" type="stmt"/>
          <line num="10" count="2" type="stmt"/>
          <line num="12" count="2" type="stmt"/>
        </file>
      </package>
      <package name="test">
        <metrics statements="4" coveredstatements="4" conditionals="0" coveredconditionals="0" methods="0" coveredmethods="0"/>
        <file name="setup.js" path="F:\Hemanth\ReactJS_Projects\Sapient_Projects\Sapient_React_Training_Project_GS\src\frontend\app\test\setup.js">
          <metrics statements="4" coveredstatements="4" conditionals="0" coveredconditionals="0" methods="0" coveredmethods="0"/>
          <line num="4" count="4" type="stmt"/>
          <line num="6" count="4" type="stmt"/>
          <line num="7" count="4" type="stmt"/>
          <line num="8" count="4" type="stmt"/>
        </file>
      </package>
      <package name="utils.contacts">
        <metrics statements="9" coveredstatements="9" conditionals="17" coveredconditionals="17" methods="4" coveredmethods="4"/>
        <file name="contacts_helper.jsx" path="F:\Hemanth\ReactJS_Projects\Sapient_Projects\Sapient_React_Training_Project_GS\src\frontend\app\utils\contacts\contacts_helper.jsx">
          <metrics statements="9" coveredstatements="9" conditionals="17" coveredconditionals="17" methods="4" coveredmethods="4"/>
          <line num="2" count="8" type="cond" truecount="2" falsecount="0"/>
          <line num="3" count="5" type="stmt"/>
          <line num="5" count="4" type="cond" truecount="2" falsecount="0"/>
          <line num="9" count="9" type="cond" truecount="2" falsecount="0"/>
          <line num="10" count="9" type="stmt"/>
          <line num="11" count="9" type="cond" truecount="2" falsecount="0"/>
          <line num="13" count="20" type="cond" truecount="6" falsecount="0"/>
          <line num="14" count="15" type="stmt"/>
          <line num="18" count="9" type="stmt"/>
        </file>
      </package>
    </metrics>
  </project>
</coverage>
