{"F:\\Hemanth\\ReactJS_Projects\\Sapient_Projects\\Sapient_React_Training_Project_GS\\src\\frontend\\app\\constants\\constants.jsx": {"path":"F:\\Hemanth\\ReactJS_Projects\\Sapient_Projects\\Sapient_React_Training_Project_GS\\src\\frontend\\app\\constants\\constants.jsx","statementMap":{"0":{"start":{"line":1,"column":35},"end":{"line":16,"column":1}},"1":{"start":{"line":18,"column":25},"end":{"line":32,"column":1}},"2":{"start":{"line":34,"column":30},"end":{"line":37,"column":1}},"3":{"start":{"line":39,"column":24},"end":{"line":39,"column":47}}},"fnMap":{},"branchMap":{},"s":{"0":2,"1":2,"2":2,"3":2},"f":{},"b":{},"_coverageSchema":"332fd63041d2c1bcb487cc26dd0d5f7d97098a6c","hash":"535bde878dae3aa9784ea9aaf2522f6e676fabd1"}
,"F:\\Hemanth\\ReactJS_Projects\\Sapient_Projects\\Sapient_React_Training_Project_GS\\src\\frontend\\app\\container\\add_contact\\add_contact.component.jsx": {"path":"F:\\Hemanth\\ReactJS_Projects\\Sapient_Projects\\Sapient_React_Training_Project_GS\\src\\frontend\\app\\container\\add_contact\\add_contact.component.jsx","statementMap":{"0":{"start":{"line":8,"column":25},"end":{"line":25,"column":1}},"1":{"start":{"line":30,"column":8},"end":{"line":30,"column":21}},"2":{"start":{"line":31,"column":8},"end":{"line":31,"column":66}},"3":{"start":{"line":32,"column":8},"end":{"line":32,"column":57}},"4":{"start":{"line":36,"column":8},"end":{"line":36,"column":27}},"5":{"start":{"line":37,"column":8},"end":{"line":42,"column":10}},"6":{"start":{"line":43,"column":8},"end":{"line":43,"column":59}},"7":{"start":{"line":44,"column":8},"end":{"line":52,"column":28}},"8":{"start":{"line":45,"column":12},"end":{"line":45,"column":35}},"9":{"start":{"line":46,"column":12},"end":{"line":50,"column":14}},"10":{"start":{"line":51,"column":12},"end":{"line":51,"column":44}},"11":{"start":{"line":56,"column":18},"end":{"line":56,"column":31}},"12":{"start":{"line":57,"column":20},"end":{"line":57,"column":34}},"13":{"start":{"line":58,"column":21},"end":{"line":58,"column":38}},"14":{"start":{"line":59,"column":8},"end":{"line":59,"column":28}},"15":{"start":{"line":60,"column":8},"end":{"line":63,"column":10}},"16":{"start":{"line":62,"column":18},"end":{"line":62,"column":48}},"17":{"start":{"line":68,"column":21},"end":{"line":68,"column":38}},"18":{"start":{"line":69,"column":26},"end":{"line":69,"column":30}},"19":{"start":{"line":70,"column":8},"end":{"line":70,"column":36}},"20":{"start":{"line":72,"column":8},"end":{"line":90,"column":9}},"21":{"start":{"line":73,"column":12},"end":{"line":73,"column":60}},"22":{"start":{"line":75,"column":12},"end":{"line":89,"column":13}},"23":{"start":{"line":77,"column":20},"end":{"line":77,"column":37}},"24":{"start":{"line":78,"column":20},"end":{"line":78,"column":26}},"25":{"start":{"line":80,"column":20},"end":{"line":80,"column":130}},"26":{"start":{"line":81,"column":20},"end":{"line":81,"column":26}},"27":{"start":{"line":83,"column":20},"end":{"line":83,"column":113}},"28":{"start":{"line":84,"column":20},"end":{"line":84,"column":26}},"29":{"start":{"line":86,"column":20},"end":{"line":86,"column":43}},"30":{"start":{"line":87,"column":20},"end":{"line":87,"column":26}},"31":{"start":{"line":92,"column":8},"end":{"line":99,"column":11}},"32":{"start":{"line":93,"column":12},"end":{"line":96,"column":13}},"33":{"start":{"line":94,"column":16},"end":{"line":94,"column":36}},"34":{"start":{"line":95,"column":16},"end":{"line":95,"column":43}},"35":{"start":{"line":98,"column":12},"end":{"line":98,"column":31}},"36":{"start":{"line":101,"column":8},"end":{"line":106,"column":9}},"37":{"start":{"line":110,"column":8},"end":{"line":110,"column":60}},"38":{"start":{"line":114,"column":23},"end":{"line":114,"column":45}},"39":{"start":{"line":115,"column":8},"end":{"line":122,"column":9}},"40":{"start":{"line":116,"column":32},"end":{"line":116,"column":36}},"41":{"start":{"line":117,"column":12},"end":{"line":121,"column":13}},"42":{"start":{"line":124,"column":8},"end":{"line":170,"column":9}},"43":{"start":{"line":140,"column":48},"end":{"line":140,"column":71}},"44":{"start":{"line":147,"column":48},"end":{"line":147,"column":71}},"45":{"start":{"line":154,"column":48},"end":{"line":154,"column":71}},"46":{"start":{"line":160,"column":74},"end":{"line":160,"column":97}}},"fnMap":{"0":{"name":"(anonymous_0)","decl":{"start":{"line":29,"column":4},"end":{"line":29,"column":5}},"loc":{"start":{"line":29,"column":23},"end":{"line":33,"column":5}},"line":29},"1":{"name":"(anonymous_1)","decl":{"start":{"line":35,"column":4},"end":{"line":35,"column":5}},"loc":{"start":{"line":35,"column":29},"end":{"line":53,"column":5}},"line":35},"2":{"name":"(anonymous_2)","decl":{"start":{"line":44,"column":19},"end":{"line":44,"column":20}},"loc":{"start":{"line":44,"column":31},"end":{"line":52,"column":9}},"line":44},"3":{"name":"(anonymous_3)","decl":{"start":{"line":55,"column":4},"end":{"line":55,"column":5}},"loc":{"start":{"line":55,"column":23},"end":{"line":64,"column":5}},"line":55},"4":{"name":"(anonymous_4)","decl":{"start":{"line":62,"column":12},"end":{"line":62,"column":13}},"loc":{"start":{"line":62,"column":18},"end":{"line":62,"column":48}},"line":62},"5":{"name":"(anonymous_5)","decl":{"start":{"line":67,"column":4},"end":{"line":67,"column":5}},"loc":{"start":{"line":67,"column":30},"end":{"line":107,"column":5}},"line":67},"6":{"name":"(anonymous_6)","decl":{"start":{"line":92,"column":34},"end":{"line":92,"column":35}},"loc":{"start":{"line":92,"column":43},"end":{"line":99,"column":9}},"line":92},"7":{"name":"(anonymous_7)","decl":{"start":{"line":109,"column":4},"end":{"line":109,"column":5}},"loc":{"start":{"line":109,"column":22},"end":{"line":111,"column":5}},"line":109},"8":{"name":"(anonymous_8)","decl":{"start":{"line":113,"column":4},"end":{"line":113,"column":5}},"loc":{"start":{"line":113,"column":13},"end":{"line":171,"column":5}},"line":113},"9":{"name":"(anonymous_9)","decl":{"start":{"line":140,"column":41},"end":{"line":140,"column":42}},"loc":{"start":{"line":140,"column":48},"end":{"line":140,"column":71}},"line":140},"10":{"name":"(anonymous_10)","decl":{"start":{"line":147,"column":41},"end":{"line":147,"column":42}},"loc":{"start":{"line":147,"column":48},"end":{"line":147,"column":71}},"line":147},"11":{"name":"(anonymous_11)","decl":{"start":{"line":154,"column":41},"end":{"line":154,"column":42}},"loc":{"start":{"line":154,"column":48},"end":{"line":154,"column":71}},"line":154},"12":{"name":"(anonymous_12)","decl":{"start":{"line":160,"column":67},"end":{"line":160,"column":68}},"loc":{"start":{"line":160,"column":74},"end":{"line":160,"column":97}},"line":160}},"branchMap":{"0":{"loc":{"start":{"line":72,"column":8},"end":{"line":90,"column":9}},"type":"if","locations":[{"start":{"line":72,"column":8},"end":{"line":90,"column":9}},{"start":{"line":72,"column":8},"end":{"line":90,"column":9}}],"line":72},"1":{"loc":{"start":{"line":72,"column":12},"end":{"line":72,"column":35}},"type":"binary-expr","locations":[{"start":{"line":72,"column":12},"end":{"line":72,"column":18}},{"start":{"line":72,"column":22},"end":{"line":72,"column":35}}],"line":72},"2":{"loc":{"start":{"line":75,"column":12},"end":{"line":89,"column":13}},"type":"switch","locations":[{"start":{"line":76,"column":16},"end":{"line":78,"column":26}},{"start":{"line":79,"column":16},"end":{"line":81,"column":26}},{"start":{"line":82,"column":16},"end":{"line":84,"column":26}},{"start":{"line":85,"column":16},"end":{"line":87,"column":26}}],"line":75},"3":{"loc":{"start":{"line":80,"column":35},"end":{"line":80,"column":129}},"type":"cond-expr","locations":[{"start":{"line":80,"column":92},"end":{"line":80,"column":124}},{"start":{"line":80,"column":127},"end":{"line":80,"column":129}}],"line":80},"4":{"loc":{"start":{"line":83,"column":35},"end":{"line":83,"column":112}},"type":"cond-expr","locations":[{"start":{"line":83,"column":75},"end":{"line":83,"column":107}},{"start":{"line":83,"column":110},"end":{"line":83,"column":112}}],"line":83},"5":{"loc":{"start":{"line":83,"column":35},"end":{"line":83,"column":72}},"type":"binary-expr","locations":[{"start":{"line":83,"column":35},"end":{"line":83,"column":47}},{"start":{"line":83,"column":52},"end":{"line":83,"column":71}}],"line":83},"6":{"loc":{"start":{"line":93,"column":12},"end":{"line":96,"column":13}},"type":"if","locations":[{"start":{"line":93,"column":12},"end":{"line":96,"column":13}},{"start":{"line":93,"column":12},"end":{"line":96,"column":13}}],"line":93},"7":{"loc":{"start":{"line":93,"column":16},"end":{"line":93,"column":55}},"type":"binary-expr","locations":[{"start":{"line":93,"column":16},"end":{"line":93,"column":29}},{"start":{"line":93,"column":33},"end":{"line":93,"column":55}}],"line":93},"8":{"loc":{"start":{"line":110,"column":15},"end":{"line":110,"column":59}},"type":"cond-expr","locations":[{"start":{"line":110,"column":43},"end":{"line":110,"column":54}},{"start":{"line":110,"column":57},"end":{"line":110,"column":59}}],"line":110},"9":{"loc":{"start":{"line":110,"column":15},"end":{"line":110,"column":40}},"type":"binary-expr","locations":[{"start":{"line":110,"column":15},"end":{"line":110,"column":20}},{"start":{"line":110,"column":24},"end":{"line":110,"column":40}}],"line":110},"10":{"loc":{"start":{"line":115,"column":8},"end":{"line":122,"column":9}},"type":"if","locations":[{"start":{"line":115,"column":8},"end":{"line":122,"column":9}},{"start":{"line":115,"column":8},"end":{"line":122,"column":9}}],"line":115},"11":{"loc":{"start":{"line":131,"column":24},"end":{"line":134,"column":41}},"type":"cond-expr","locations":[{"start":{"line":132,"column":28},"end":{"line":134,"column":34}},{"start":{"line":134,"column":37},"end":{"line":134,"column":41}}],"line":131}},"s":{"0":2,"1":0,"2":0,"3":0,"4":0,"5":0,"6":0,"7":0,"8":0,"9":0,"10":0,"11":0,"12":0,"13":0,"14":0,"15":0,"16":0,"17":0,"18":0,"19":0,"20":0,"21":0,"22":0,"23":0,"24":0,"25":0,"26":0,"27":0,"28":0,"29":0,"30":0,"31":0,"32":0,"33":0,"34":0,"35":0,"36":0,"37":0,"38":0,"39":0,"40":0,"41":0,"42":0,"43":0,"44":0,"45":0,"46":0},"f":{"0":0,"1":0,"2":0,"3":0,"4":0,"5":0,"6":0,"7":0,"8":0,"9":0,"10":0,"11":0,"12":0},"b":{"0":[0,0],"1":[0,0],"2":[0,0,0,0],"3":[0,0],"4":[0,0],"5":[0,0],"6":[0,0],"7":[0,0],"8":[0,0],"9":[0,0],"10":[0,0],"11":[0,0]},"_coverageSchema":"332fd63041d2c1bcb487cc26dd0d5f7d97098a6c","hash":"02dbf3d8420e19fd4405fcd522feeea388043799"}
,"F:\\Hemanth\\ReactJS_Projects\\Sapient_Projects\\Sapient_React_Training_Project_GS\\src\\frontend\\app\\container\\add_contact\\add_contact_actions.jsx": {"path":"F:\\Hemanth\\ReactJS_Projects\\Sapient_Projects\\Sapient_React_Training_Project_GS\\src\\frontend\\app\\container\\add_contact\\add_contact_actions.jsx","statementMap":{"0":{"start":{"line":7,"column":4},"end":{"line":20,"column":6}},"1":{"start":{"line":9,"column":8},"end":{"line":17,"column":9}},"2":{"start":{"line":10,"column":39},"end":{"line":10,"column":73}},"3":{"start":{"line":11,"column":35},"end":{"line":11,"column":65}},"4":{"start":{"line":12,"column":45},"end":{"line":12,"column":95}},"5":{"start":{"line":13,"column":12},"end":{"line":13,"column":78}},"6":{"start":{"line":14,"column":12},"end":{"line":14,"column":42}},"7":{"start":{"line":16,"column":12},"end":{"line":16,"column":40}},"8":{"start":{"line":19,"column":8},"end":{"line":19,"column":43}},"9":{"start":{"line":24,"column":4},"end":{"line":24,"column":61}},"10":{"start":{"line":28,"column":4},"end":{"line":28,"column":59}}},"fnMap":{"0":{"name":"addContact","decl":{"start":{"line":6,"column":16},"end":{"line":6,"column":26}},"loc":{"start":{"line":6,"column":36},"end":{"line":21,"column":1}},"line":6},"1":{"name":"(anonymous_1)","decl":{"start":{"line":7,"column":11},"end":{"line":7,"column":12}},"loc":{"start":{"line":7,"column":41},"end":{"line":20,"column":5}},"line":7},"2":{"name":"handleUserInput","decl":{"start":{"line":23,"column":16},"end":{"line":23,"column":31}},"loc":{"start":{"line":23,"column":41},"end":{"line":25,"column":1}},"line":23},"3":{"name":"resetForm","decl":{"start":{"line":27,"column":16},"end":{"line":27,"column":25}},"loc":{"start":{"line":27,"column":28},"end":{"line":29,"column":1}},"line":27}},"branchMap":{"0":{"loc":{"start":{"line":9,"column":8},"end":{"line":17,"column":9}},"type":"if","locations":[{"start":{"line":9,"column":8},"end":{"line":17,"column":9}},{"start":{"line":9,"column":8},"end":{"line":17,"column":9}}],"line":9},"1":{"loc":{"start":{"line":12,"column":45},"end":{"line":12,"column":95}},"type":"cond-expr","locations":[{"start":{"line":12,"column":66},"end":{"line":12,"column":91}},{"start":{"line":12,"column":94},"end":{"line":12,"column":95}}],"line":12}},"s":{"0":0,"1":0,"2":0,"3":0,"4":0,"5":0,"6":0,"7":0,"8":0,"9":0,"10":0},"f":{"0":0,"1":0,"2":0,"3":0},"b":{"0":[0,0],"1":[0,0]},"_coverageSchema":"332fd63041d2c1bcb487cc26dd0d5f7d97098a6c","hash":"49b78bb5369c08f4ad673f73075a73ea8bf3b758"}
,"F:\\Hemanth\\ReactJS_Projects\\Sapient_Projects\\Sapient_React_Training_Project_GS\\src\\frontend\\app\\container\\add_contact\\add_contact_container.jsx": {"path":"F:\\Hemanth\\ReactJS_Projects\\Sapient_Projects\\Sapient_React_Training_Project_GS\\src\\frontend\\app\\container\\add_contact\\add_contact_container.jsx","statementMap":{"0":{"start":{"line":7,"column":4},"end":{"line":9,"column":5}},"1":{"start":{"line":13,"column":4},"end":{"line":23,"column":6}},"2":{"start":{"line":15,"column":12},"end":{"line":15,"column":45}},"3":{"start":{"line":19,"column":12},"end":{"line":19,"column":34}},"4":{"start":{"line":26,"column":28},"end":{"line":26,"column":82}}},"fnMap":{"0":{"name":"mapStateToProps","decl":{"start":{"line":6,"column":9},"end":{"line":6,"column":24}},"loc":{"start":{"line":6,"column":32},"end":{"line":10,"column":1}},"line":6},"1":{"name":"mapEventsToProps","decl":{"start":{"line":12,"column":9},"end":{"line":12,"column":25}},"loc":{"start":{"line":12,"column":36},"end":{"line":24,"column":1}},"line":12}},"branchMap":{},"s":{"0":0,"1":0,"2":0,"3":0,"4":1},"f":{"0":0,"1":0},"b":{},"_coverageSchema":"332fd63041d2c1bcb487cc26dd0d5f7d97098a6c","hash":"8a18940d1b560994a9356955ef03135de1a3bece"}
,"F:\\Hemanth\\ReactJS_Projects\\Sapient_Projects\\Sapient_React_Training_Project_GS\\src\\frontend\\app\\container\\add_contact\\form_errors\\add_contact_submit_button.jsx": {"path":"F:\\Hemanth\\ReactJS_Projects\\Sapient_Projects\\Sapient_React_Training_Project_GS\\src\\frontend\\app\\container\\add_contact\\form_errors\\add_contact_submit_button.jsx","statementMap":{"0":{"start":{"line":4,"column":32},"end":{"line":9,"column":1}},"1":{"start":{"line":5,"column":4},"end":{"line":8,"column":13}},"2":{"start":{"line":5,"column":42},"end":{"line":5,"column":66}}},"fnMap":{"0":{"name":"(anonymous_0)","decl":{"start":{"line":4,"column":43},"end":{"line":4,"column":44}},"loc":{"start":{"line":5,"column":4},"end":{"line":8,"column":13}},"line":5},"1":{"name":"(anonymous_1)","decl":{"start":{"line":5,"column":35},"end":{"line":5,"column":36}},"loc":{"start":{"line":5,"column":42},"end":{"line":5,"column":66}},"line":5}},"branchMap":{},"s":{"0":2,"1":0,"2":0},"f":{"0":0,"1":0},"b":{},"_coverageSchema":"332fd63041d2c1bcb487cc26dd0d5f7d97098a6c","hash":"531c54bafb8984485bdd717cea7c4ced1fb89fb7"}
,"F:\\Hemanth\\ReactJS_Projects\\Sapient_Projects\\Sapient_React_Training_Project_GS\\src\\frontend\\app\\container\\add_contact\\form_errors\\form_errors.component.jsx": {"path":"F:\\Hemanth\\ReactJS_Projects\\Sapient_Projects\\Sapient_React_Training_Project_GS\\src\\frontend\\app\\container\\add_contact\\form_errors\\form_errors.component.jsx","statementMap":{"0":{"start":{"line":4,"column":26},"end":{"line":17,"column":10}},"1":{"start":{"line":5,"column":4},"end":{"line":17,"column":10}},"2":{"start":{"line":8,"column":16},"end":{"line":12,"column":17}},"3":{"start":{"line":9,"column":20},"end":{"line":11,"column":21}},"4":{"start":{"line":14,"column":16},"end":{"line":14,"column":26}}},"fnMap":{"0":{"name":"(anonymous_0)","decl":{"start":{"line":4,"column":26},"end":{"line":4,"column":27}},"loc":{"start":{"line":5,"column":4},"end":{"line":17,"column":10}},"line":5},"1":{"name":"(anonymous_1)","decl":{"start":{"line":7,"column":40},"end":{"line":7,"column":41}},"loc":{"start":{"line":7,"column":62},"end":{"line":15,"column":13}},"line":7}},"branchMap":{"0":{"loc":{"start":{"line":8,"column":16},"end":{"line":12,"column":17}},"type":"if","locations":[{"start":{"line":8,"column":16},"end":{"line":12,"column":17}},{"start":{"line":8,"column":16},"end":{"line":12,"column":17}}],"line":8}},"s":{"0":2,"1":0,"2":0,"3":0,"4":0},"f":{"0":0,"1":0},"b":{"0":[0,0]},"_coverageSchema":"332fd63041d2c1bcb487cc26dd0d5f7d97098a6c","hash":"d9abf30691438e91f27c050305a898d2785ffd18"}
,"F:\\Hemanth\\ReactJS_Projects\\Sapient_Projects\\Sapient_React_Training_Project_GS\\src\\frontend\\app\\header\\tabs\\tab\\tab.component.jsx": {"path":"F:\\Hemanth\\ReactJS_Projects\\Sapient_Projects\\Sapient_React_Training_Project_GS\\src\\frontend\\app\\header\\tabs\\tab\\tab.component.jsx","statementMap":{"0":{"start":{"line":4,"column":19},"end":{"line":9,"column":9}},"1":{"start":{"line":5,"column":4},"end":{"line":9,"column":9}}},"fnMap":{"0":{"name":"(anonymous_0)","decl":{"start":{"line":4,"column":19},"end":{"line":4,"column":20}},"loc":{"start":{"line":5,"column":4},"end":{"line":9,"column":9}},"line":5}},"branchMap":{},"s":{"0":1,"1":2},"f":{"0":2},"b":{},"_coverageSchema":"332fd63041d2c1bcb487cc26dd0d5f7d97098a6c","hash":"08cad8bedd59c5c3abcb40d1bbc595aa62a71143"}
,"F:\\Hemanth\\ReactJS_Projects\\Sapient_Projects\\Sapient_React_Training_Project_GS\\src\\frontend\\app\\shared\\components\\alert\\alert.component.jsx": {"path":"F:\\Hemanth\\ReactJS_Projects\\Sapient_Projects\\Sapient_React_Training_Project_GS\\src\\frontend\\app\\shared\\components\\alert\\alert.component.jsx","statementMap":{"0":{"start":{"line":4,"column":4},"end":{"line":4,"column":70}},"1":{"start":{"line":7,"column":21},"end":{"line":15,"column":10}},"2":{"start":{"line":8,"column":4},"end":{"line":15,"column":10}}},"fnMap":{"0":{"name":"getClassName","decl":{"start":{"line":3,"column":9},"end":{"line":3,"column":21}},"loc":{"start":{"line":3,"column":47},"end":{"line":5,"column":1}},"line":3},"1":{"name":"(anonymous_1)","decl":{"start":{"line":7,"column":21},"end":{"line":7,"column":22}},"loc":{"start":{"line":8,"column":4},"end":{"line":15,"column":10}},"line":8}},"branchMap":{"0":{"loc":{"start":{"line":4,"column":11},"end":{"line":4,"column":69}},"type":"cond-expr","locations":[{"start":{"line":4,"column":37},"end":{"line":4,"column":52}},{"start":{"line":4,"column":55},"end":{"line":4,"column":69}}],"line":4},"1":{"loc":{"start":{"line":10,"column":12},"end":{"line":13,"column":29}},"type":"cond-expr","locations":[{"start":{"line":11,"column":16},"end":{"line":13,"column":22}},{"start":{"line":13,"column":25},"end":{"line":13,"column":29}}],"line":10},"2":{"loc":{"start":{"line":10,"column":13},"end":{"line":10,"column":38}},"type":"binary-expr","locations":[{"start":{"line":10,"column":13},"end":{"line":10,"column":20}},{"start":{"line":10,"column":24},"end":{"line":10,"column":38}}],"line":10}},"s":{"0":0,"1":2,"2":0},"f":{"0":0,"1":0},"b":{"0":[0,0],"1":[0,0],"2":[0,0]},"_coverageSchema":"332fd63041d2c1bcb487cc26dd0d5f7d97098a6c","hash":"8effea80cdd9654e3414fdfb7a138f29a081a860"}
,"F:\\Hemanth\\ReactJS_Projects\\Sapient_Projects\\Sapient_React_Training_Project_GS\\src\\frontend\\app\\store\\actions\\contact_list.actions.jsx": {"path":"F:\\Hemanth\\ReactJS_Projects\\Sapient_Projects\\Sapient_React_Training_Project_GS\\src\\frontend\\app\\store\\actions\\contact_list.actions.jsx","statementMap":{"0":{"start":{"line":1,"column":36},"end":{"line":1,"column":51}},"1":{"start":{"line":2,"column":44},"end":{"line":2,"column":67}},"2":{"start":{"line":3,"column":43},"end":{"line":3,"column":65}},"3":{"start":{"line":5,"column":38},"end":{"line":5,"column":55}},"4":{"start":{"line":6,"column":37},"end":{"line":6,"column":53}},"5":{"start":{"line":7,"column":38},"end":{"line":7,"column":55}},"6":{"start":{"line":8,"column":35},"end":{"line":8,"column":49}},"7":{"start":{"line":9,"column":41},"end":{"line":9,"column":61}},"8":{"start":{"line":10,"column":37},"end":{"line":10,"column":53}},"9":{"start":{"line":12,"column":49},"end":{"line":12,"column":77}}},"fnMap":{},"branchMap":{},"s":{"0":2,"1":2,"2":2,"3":2,"4":2,"5":2,"6":2,"7":2,"8":2,"9":2},"f":{},"b":{},"_coverageSchema":"332fd63041d2c1bcb487cc26dd0d5f7d97098a6c","hash":"ac73547b95957a35da019118bd9d5aabed240b49"}
,"F:\\Hemanth\\ReactJS_Projects\\Sapient_Projects\\Sapient_React_Training_Project_GS\\src\\frontend\\app\\test\\setup.js": {"path":"F:\\Hemanth\\ReactJS_Projects\\Sapient_Projects\\Sapient_React_Training_Project_GS\\src\\frontend\\app\\test\\setup.js","statementMap":{"0":{"start":{"line":4,"column":0},"end":{"line":4,"column":43}},"1":{"start":{"line":6,"column":0},"end":{"line":6,"column":25}},"2":{"start":{"line":7,"column":0},"end":{"line":7,"column":23}},"3":{"start":{"line":8,"column":0},"end":{"line":8,"column":21}}},"fnMap":{},"branchMap":{},"s":{"0":4,"1":4,"2":4,"3":4},"f":{},"b":{},"_coverageSchema":"332fd63041d2c1bcb487cc26dd0d5f7d97098a6c","hash":"13f50c079a13308ee381ce403150ae6022299c42"}
,"F:\\Hemanth\\ReactJS_Projects\\Sapient_Projects\\Sapient_React_Training_Project_GS\\src\\frontend\\app\\utils\\contacts\\contacts_helper.jsx": {"path":"F:\\Hemanth\\ReactJS_Projects\\Sapient_Projects\\Sapient_React_Training_Project_GS\\src\\frontend\\app\\utils\\contacts\\contacts_helper.jsx","statementMap":{"0":{"start":{"line":2,"column":4},"end":{"line":4,"column":5}},"1":{"start":{"line":3,"column":8},"end":{"line":3,"column":24}},"2":{"start":{"line":5,"column":4},"end":{"line":5,"column":88}},"3":{"start":{"line":5,"column":51},"end":{"line":5,"column":81}},"4":{"start":{"line":9,"column":18},"end":{"line":9,"column":47}},"5":{"start":{"line":10,"column":28},"end":{"line":10,"column":30}},"6":{"start":{"line":11,"column":4},"end":{"line":16,"column":17}},"7":{"start":{"line":13,"column":12},"end":{"line":15,"column":13}},"8":{"start":{"line":14,"column":16},"end":{"line":14,"column":49}},"9":{"start":{"line":18,"column":4},"end":{"line":18,"column":27}}},"fnMap":{"0":{"name":"getContactsByIds","decl":{"start":{"line":1,"column":16},"end":{"line":1,"column":32}},"loc":{"start":{"line":1,"column":53},"end":{"line":6,"column":1}},"line":1},"1":{"name":"(anonymous_1)","decl":{"start":{"line":5,"column":40},"end":{"line":5,"column":41}},"loc":{"start":{"line":5,"column":51},"end":{"line":5,"column":81}},"line":5},"2":{"name":"getContactsIdsByQuery","decl":{"start":{"line":8,"column":16},"end":{"line":8,"column":37}},"loc":{"start":{"line":8,"column":65},"end":{"line":19,"column":1}},"line":8},"3":{"name":"(anonymous_3)","decl":{"start":{"line":12,"column":26},"end":{"line":12,"column":27}},"loc":{"start":{"line":12,"column":37},"end":{"line":16,"column":9}},"line":12}},"branchMap":{"0":{"loc":{"start":{"line":1,"column":33},"end":{"line":1,"column":46}},"type":"default-arg","locations":[{"start":{"line":1,"column":44},"end":{"line":1,"column":46}}],"line":1},"1":{"loc":{"start":{"line":2,"column":4},"end":{"line":4,"column":5}},"type":"if","locations":[{"start":{"line":2,"column":4},"end":{"line":4,"column":5}},{"start":{"line":2,"column":4},"end":{"line":4,"column":5}}],"line":2},"2":{"loc":{"start":{"line":5,"column":11},"end":{"line":5,"column":87}},"type":"cond-expr","locations":[{"start":{"line":5,"column":24},"end":{"line":5,"column":82}},{"start":{"line":5,"column":85},"end":{"line":5,"column":87}}],"line":5},"3":{"loc":{"start":{"line":8,"column":38},"end":{"line":8,"column":51}},"type":"default-arg","locations":[{"start":{"line":8,"column":49},"end":{"line":8,"column":51}}],"line":8},"4":{"loc":{"start":{"line":8,"column":53},"end":{"line":8,"column":63}},"type":"default-arg","locations":[{"start":{"line":8,"column":61},"end":{"line":8,"column":63}}],"line":8},"5":{"loc":{"start":{"line":9,"column":29},"end":{"line":9,"column":40}},"type":"binary-expr","locations":[{"start":{"line":9,"column":29},"end":{"line":9,"column":34}},{"start":{"line":9,"column":38},"end":{"line":9,"column":40}}],"line":9},"6":{"loc":{"start":{"line":11,"column":4},"end":{"line":16,"column":16}},"type":"cond-expr","locations":[{"start":{"line":12,"column":8},"end":{"line":16,"column":11}},{"start":{"line":16,"column":14},"end":{"line":16,"column":16}}],"line":11},"7":{"loc":{"start":{"line":13,"column":12},"end":{"line":15,"column":13}},"type":"if","locations":[{"start":{"line":13,"column":12},"end":{"line":15,"column":13}},{"start":{"line":13,"column":12},"end":{"line":15,"column":13}}],"line":13},"8":{"loc":{"start":{"line":13,"column":16},"end":{"line":13,"column":132}},"type":"binary-expr","locations":[{"start":{"line":13,"column":16},"end":{"line":13,"column":40}},{"start":{"line":13,"column":44},"end":{"line":13,"column":69}},{"start":{"line":13,"column":73},"end":{"line":13,"column":98}},{"start":{"line":13,"column":102},"end":{"line":13,"column":132}}],"line":13}},"s":{"0":8,"1":5,"2":3,"3":4,"4":9,"5":9,"6":9,"7":20,"8":15,"9":9},"f":{"0":8,"1":4,"2":9,"3":20},"b":{"0":[3],"1":[5,3],"2":[2,1],"3":[2],"4":[2],"5":[9,6],"6":[7,2],"7":[15,5],"8":[20,6,5,5]},"_coverageSchema":"332fd63041d2c1bcb487cc26dd0d5f7d97098a6c","hash":"95ab435fa65ef27a59898b344dcc48b1341e5a78"}
}
