TN:
SF:F:\Hemanth\ReactJS_Projects\Sapient_Projects\Sapient_React_Training_Project_GS\src\frontend\app\constants\constants.jsx
FNF:0
FNH:0
DA:1,2
DA:18,2
DA:34,2
DA:39,2
LF:4
LH:4
BRF:0
BRH:0
end_of_record
TN:
SF:F:\Hemanth\ReactJS_Projects\Sapient_Projects\Sapient_React_Training_Project_GS\src\frontend\app\container\add_contact\add_contact.component.jsx
FN:29,(anonymous_0)
FN:35,(anonymous_1)
FN:44,(anonymous_2)
FN:55,(anonymous_3)
FN:62,(anonymous_4)
FN:67,(anonymous_5)
FN:92,(anonymous_6)
FN:109,(anonymous_7)
FN:113,(anonymous_8)
FN:140,(anonymous_9)
FN:147,(anonymous_10)
FN:154,(anonymous_11)
FN:160,(anonymous_12)
FNF:13
FNH:0
FNDA:0,(anonymous_0)
FNDA:0,(anonymous_1)
FNDA:0,(anonymous_2)
FNDA:0,(anonymous_3)
FNDA:0,(anonymous_4)
FNDA:0,(anonymous_5)
FNDA:0,(anonymous_6)
FNDA:0,(anonymous_7)
FNDA:0,(anonymous_8)
FNDA:0,(anonymous_9)
FNDA:0,(anonymous_10)
FNDA:0,(anonymous_11)
FNDA:0,(anonymous_12)
DA:8,2
DA:30,0
DA:31,0
DA:32,0
DA:36,0
DA:37,0
DA:43,0
DA:44,0
DA:45,0
DA:46,0
DA:51,0
DA:56,0
DA:57,0
DA:58,0
DA:59,0
DA:60,0
DA:62,0
DA:68,0
DA:69,0
DA:70,0
DA:72,0
DA:73,0
DA:75,0
DA:77,0
DA:78,0
DA:80,0
DA:81,0
DA:83,0
DA:84,0
DA:86,0
DA:87,0
DA:92,0
DA:93,0
DA:94,0
DA:95,0
DA:98,0
DA:101,0
DA:110,0
DA:114,0
DA:115,0
DA:116,0
DA:117,0
DA:124,0
DA:140,0
DA:147,0
DA:154,0
DA:160,0
LF:47
LH:1
BRDA:72,0,0,0
BRDA:72,0,1,0
BRDA:72,1,0,0
BRDA:72,1,1,0
BRDA:75,2,0,0
BRDA:75,2,1,0
BRDA:75,2,2,0
BRDA:75,2,3,0
BRDA:80,3,0,0
BRDA:80,3,1,0
BRDA:83,4,0,0
BRDA:83,4,1,0
BRDA:83,5,0,0
BRDA:83,5,1,0
BRDA:93,6,0,0
BRDA:93,6,1,0
BRDA:93,7,0,0
BRDA:93,7,1,0
BRDA:110,8,0,0
BRDA:110,8,1,0
BRDA:110,9,0,0
BRDA:110,9,1,0
BRDA:115,10,0,0
BRDA:115,10,1,0
BRDA:131,11,0,0
BRDA:131,11,1,0
BRF:26
BRH:0
end_of_record
TN:
SF:F:\Hemanth\ReactJS_Projects\Sapient_Projects\Sapient_React_Training_Project_GS\src\frontend\app\container\add_contact\add_contact_actions.jsx
FN:6,addContact
FN:7,(anonymous_1)
FN:23,handleUserInput
FN:27,resetForm
FNF:4
FNH:0
FNDA:0,addContact
FNDA:0,(anonymous_1)
FNDA:0,handleUserInput
FNDA:0,resetForm
DA:7,0
DA:9,0
DA:10,0
DA:11,0
DA:12,0
DA:13,0
DA:14,0
DA:16,0
DA:19,0
DA:24,0
DA:28,0
LF:11
LH:0
BRDA:9,0,0,0
BRDA:9,0,1,0
BRDA:12,1,0,0
BRDA:12,1,1,0
BRF:4
BRH:0
end_of_record
TN:
SF:F:\Hemanth\ReactJS_Projects\Sapient_Projects\Sapient_React_Training_Project_GS\src\frontend\app\container\add_contact\add_contact_container.jsx
FN:6,mapStateToProps
FN:12,mapEventsToProps
FNF:2
FNH:0
FNDA:0,mapStateToProps
FNDA:0,mapEventsToProps
DA:7,0
DA:13,0
DA:15,0
DA:19,0
DA:26,1
LF:5
LH:1
BRF:0
BRH:0
end_of_record
TN:
SF:F:\Hemanth\ReactJS_Projects\Sapient_Projects\Sapient_React_Training_Project_GS\src\frontend\app\container\add_contact\form_errors\add_contact_submit_button.jsx
FN:4,(anonymous_0)
FN:5,(anonymous_1)
FNF:2
FNH:0
FNDA:0,(anonymous_0)
FNDA:0,(anonymous_1)
DA:4,2
DA:5,0
LF:2
LH:1
BRF:0
BRH:0
end_of_record
TN:
SF:F:\Hemanth\ReactJS_Projects\Sapient_Projects\Sapient_React_Training_Project_GS\src\frontend\app\container\add_contact\form_errors\form_errors.component.jsx
FN:4,(anonymous_0)
FN:7,(anonymous_1)
FNF:2
FNH:0
FNDA:0,(anonymous_0)
FNDA:0,(anonymous_1)
DA:4,2
DA:5,0
DA:8,0
DA:9,0
DA:14,0
LF:5
LH:1
BRDA:8,0,0,0
BRDA:8,0,1,0
BRF:2
BRH:0
end_of_record
TN:
SF:F:\Hemanth\ReactJS_Projects\Sapient_Projects\Sapient_React_Training_Project_GS\src\frontend\app\header\tabs\tab\tab.component.jsx
FN:4,(anonymous_0)
FNF:1
FNH:1
FNDA:2,(anonymous_0)
DA:4,1
DA:5,2
LF:2
LH:2
BRF:0
BRH:0
end_of_record
TN:
SF:F:\Hemanth\ReactJS_Projects\Sapient_Projects\Sapient_React_Training_Project_GS\src\frontend\app\shared\components\alert\alert.component.jsx
FN:3,getClassName
FN:7,(anonymous_1)
FNF:2
FNH:0
FNDA:0,getClassName
FNDA:0,(anonymous_1)
DA:4,0
DA:7,2
DA:8,0
LF:3
LH:1
BRDA:4,0,0,0
BRDA:4,0,1,0
BRDA:10,1,0,0
BRDA:10,1,1,0
BRDA:10,2,0,0
BRDA:10,2,1,0
BRF:6
BRH:0
end_of_record
TN:
SF:F:\Hemanth\ReactJS_Projects\Sapient_Projects\Sapient_React_Training_Project_GS\src\frontend\app\store\actions\contact_list.actions.jsx
FNF:0
FNH:0
DA:1,2
DA:2,2
DA:3,2
DA:5,2
DA:6,2
DA:7,2
DA:8,2
DA:9,2
DA:10,2
DA:12,2
LF:10
LH:10
BRF:0
BRH:0
end_of_record
TN:
SF:F:\Hemanth\ReactJS_Projects\Sapient_Projects\Sapient_React_Training_Project_GS\src\frontend\app\test\setup.js
FNF:0
FNH:0
DA:4,4
DA:6,4
DA:7,4
DA:8,4
LF:4
LH:4
BRF:0
BRH:0
end_of_record
TN:
SF:F:\Hemanth\ReactJS_Projects\Sapient_Projects\Sapient_React_Training_Project_GS\src\frontend\app\utils\contacts\contacts_helper.jsx
FN:1,getContactsByIds
FN:5,(anonymous_1)
FN:8,getContactsIdsByQuery
FN:12,(anonymous_3)
FNF:4
FNH:4
FNDA:8,getContactsByIds
FNDA:4,(anonymous_1)
FNDA:9,getContactsIdsByQuery
FNDA:20,(anonymous_3)
DA:2,8
DA:3,5
DA:5,4
DA:9,9
DA:10,9
DA:11,9
DA:13,20
DA:14,15
DA:18,9
LF:9
LH:9
BRDA:1,0,0,3
BRDA:2,1,0,5
BRDA:2,1,1,3
BRDA:5,2,0,2
BRDA:5,2,1,1
BRDA:8,3,0,2
BRDA:8,4,0,2
BRDA:9,5,0,9
BRDA:9,5,1,6
BRDA:11,6,0,7
BRDA:11,6,1,2
BRDA:13,7,0,15
BRDA:13,7,1,5
BRDA:13,8,0,20
BRDA:13,8,1,6
BRDA:13,8,2,5
BRDA:13,8,3,5
BRF:17
BRH:17
end_of_record
